[debug] [2024-01-07T21:15:13.525Z] ----------------------------------------------------------------------
[debug] [2024-01-07T21:15:13.527Z] Command:       C:\Program Files\nodejs\node.exe C:\Users\Dell\AppData\Roaming\npm\node_modules\firebase-tools\lib\bin\firebase.js init
[debug] [2024-01-07T21:15:13.527Z] CLI Version:   13.0.2
[debug] [2024-01-07T21:15:13.528Z] Platform:      win32
[debug] [2024-01-07T21:15:13.528Z] Node Version:  v20.9.0
[debug] [2024-01-07T21:15:13.528Z] Time:          Sun Jan 07 2024 22:15:13 GMT+0100 (Central European Standard Time)
[debug] [2024-01-07T21:15:13.528Z] ----------------------------------------------------------------------
[debug] 
[debug] [2024-01-07T21:15:13.534Z] > command requires scopes: ["email","openid","https://www.googleapis.com/auth/cloudplatformprojects.readonly","https://www.googleapis.com/auth/firebase","https://www.googleapis.com/auth/cloud-platform"]
[debug] [2024-01-07T21:15:13.534Z] > authorizing via signed-in user (hafedhthegamer@gmail.com)
[info] 
     ######## #### ########  ######## ########     ###     ######  ########
     ##        ##  ##     ## ##       ##     ##  ##   ##  ##       ##
     ######    ##  ########  ######   ########  #########  ######  ######
     ##        ##  ##    ##  ##       ##     ## ##     ##       ## ##
     ##       #### ##     ## ######## ########  ##     ##  ######  ########

You're about to initialize a Firebase project in this directory:

  C:\Users\Dell\Desktop\restaurant_management

[info] 
=== Project Setup
[info] 
[info] First, let's associate this project directory with a Firebase project.
[info] You can create multiple project aliases by running firebase use --add, 
[info] but for now we'll just set up a default project.
[info] 
[debug] [2024-01-07T21:15:42.329Z] >>> [apiv2][query] GET https://firebase.googleapis.com/v1beta1/projects pageSize=100
[debug] [2024-01-07T21:15:42.942Z] <<< [apiv2][status] GET https://firebase.googleapis.com/v1beta1/projects 200
[debug] [2024-01-07T21:15:42.942Z] <<< [apiv2][body] GET https://firebase.googleapis.com/v1beta1/projects [omitted]
[info] i  Using project restaurant-management-8533a (restaurant-management) 
[info] 
=== Hosting Setup
[debug] [2024-01-07T21:15:47.067Z] >>> [apiv2][query] GET https://firebase.googleapis.com/v1beta1/projects/restaurant-management-8533a [none]
[debug] [2024-01-07T21:15:47.312Z] <<< [apiv2][status] GET https://firebase.googleapis.com/v1beta1/projects/restaurant-management-8533a 200
[debug] [2024-01-07T21:15:47.312Z] <<< [apiv2][body] GET https://firebase.googleapis.com/v1beta1/projects/restaurant-management-8533a {"projectId":"restaurant-management-8533a","projectNumber":"807496100298","displayName":"restaurant-management","name":"projects/restaurant-management-8533a","resources":{"hostingSite":"restaurant-management-8533a"},"state":"ACTIVE","etag":"1_4327e072-aba1-411e-81fb-96089bbfa7d7"}
[info] 
[info] Your public directory is the folder (relative to your project directory) that
[info] will contain Hosting assets to be uploaded with firebase deploy. If you
[info] have a build process for your assets, use your build's output directory.
[info] 
